# JRE version: Java(TM) SE Runtime Environment (17.0.4.1+1) (build 17.0.4.1+1-LTS-2)
# Java VM: Java HotSpot(TM) 64-Bit Server VM (17.0.4.1+1-LTS-2, mixed mode, sharing, tiered, compressed oops, compressed class ptrs, g1 gc, windows-amd64)
GC Precious Log:
 CPUs: 8 total, 8 available
 Memory: 16167M
 Large Page Support: Disabled
 NUMA Support: Disabled
 Compressed Oops: Enabled (Zero based)
 Heap Region Size: 2M
 Heap Min Capacity: 8M
 Heap Initial Capacity: 254M
 Heap Max Capacity: 4042M
 Pre-touch: Disabled
 Parallel Workers: 8
 Concurrent Workers: 2
 Concurrent Refinement Workers: 8
 Periodic GC: Disabled
Heap:
 garbage-first heap   total 159744K, used 82750K [0x0000000703600000, 0x0000000800000000)
  region size 2048K, 32 young (65536K), 4 survivors (8192K)
 Metaspace       used 28946K, committed 29248K, reserved 1081344K
  class space    used 3331K, committed 3456K, reserved 1048576K
GC Heap History (14 events):
Event: 0.324 GC heap before
{Heap before GC invocations=0 (full 0):
 garbage-first heap   total 260096K, used 22528K [0x0000000703600000, 0x0000000800000000)
  region size 2048K, 11 young (22528K), 0 survivors (0K)
 Metaspace       used 5389K, committed 5632K, reserved 1056768K
  class space    used 648K, committed 768K, reserved 1048576K
}
Event: 0.326 GC heap after
{Heap after GC invocations=1 (full 0):
 garbage-first heap   total 260096K, used 3787K [0x0000000703600000, 0x0000000800000000)
  region size 2048K, 2 young (4096K), 2 survivors (4096K)
 Metaspace       used 5389K, committed 5632K, reserved 1056768K
  class space    used 648K, committed 768K, reserved 1048576K
}
Event: 0.602 GC heap before
{Heap before GC invocations=1 (full 0):
 garbage-first heap   total 260096K, used 34507K [0x0000000703600000, 0x0000000800000000)
  region size 2048K, 17 young (34816K), 2 survivors (4096K)
 Metaspace       used 9596K, committed 9792K, reserved 1064960K
  class space    used 1170K, committed 1280K, reserved 1048576K
}
Event: 0.605 GC heap after
{Heap after GC invocations=2 (full 0):
 garbage-first heap   total 260096K, used 5520K [0x0000000703600000, 0x0000000800000000)
  region size 2048K, 1 young (2048K), 1 survivors (2048K)
 Metaspace       used 9596K, committed 9792K, reserved 1064960K
  class space    used 1170K, committed 1280K, reserved 1048576K
}
Event: 1.500 GC heap before
{Heap before GC invocations=2 (full 0):
 garbage-first heap   total 260096K, used 83344K [0x0000000703600000, 0x0000000800000000)
  region size 2048K, 40 young (81920K), 1 survivors (2048K)
 Metaspace       used 21292K, committed 21504K, reserved 1073152K
  class space    used 2565K, committed 2688K, reserved 1048576K
}
Event: 1.505 GC heap after
{Heap after GC invocations=3 (full 0):
 garbage-first heap   total 260096K, used 11378K [0x0000000703600000, 0x0000000800000000)
  region size 2048K, 4 young (8192K), 4 survivors (8192K)
 Metaspace       used 21292K, committed 21504K, reserved 1073152K
  class space    used 2565K, committed 2688K, reserved 1048576K
}
Event: 1.821 GC heap before
{Heap before GC invocations=4 (full 0):
 garbage-first heap   total 49152K, used 35954K [0x0000000703600000, 0x0000000800000000)
  region size 2048K, 17 young (34816K), 4 survivors (8192K)
 Metaspace       used 24607K, committed 24896K, reserved 1073152K
  class space    used 2903K, committed 3072K, reserved 1048576K
}
Event: 1.829 GC heap after
{Heap after GC invocations=5 (full 0):
 garbage-first heap   total 57344K, used 20032K [0x0000000703600000, 0x0000000800000000)
  region size 2048K, 3 young (6144K), 3 survivors (6144K)
 Metaspace       used 24607K, committed 24896K, reserved 1073152K
  class space    used 2903K, committed 3072K, reserved 1048576K
}
Event: 1.837 GC heap before
{Heap before GC invocations=5 (full 0):
 garbage-first heap   total 57344K, used 22080K [0x0000000703600000, 0x0000000800000000)
  region size 2048K, 4 young (8192K), 3 survivors (6144K)
 Metaspace       used 24670K, committed 24960K, reserved 1073152K
  class space    used 2909K, committed 3072K, reserved 1048576K
}
Event: 1.841 GC heap after
{Heap after GC invocations=6 (full 0):
 garbage-first heap   total 57344K, used 21012K [0x0000000703600000, 0x0000000800000000)
  region size 2048K, 1 young (2048K), 1 survivors (2048K)
 Metaspace       used 24670K, committed 24960K, reserved 1073152K
  class space    used 2909K, committed 3072K, reserved 1048576K
}
Event: 1.901 GC heap before
{Heap before GC invocations=6 (full 0):
 garbage-first heap   total 57344K, used 37396K [0x0000000703600000, 0x0000000800000000)
  region size 2048K, 9 young (18432K), 1 survivors (2048K)
 Metaspace       used 24919K, committed 25216K, reserved 1073152K
  class space    used 2934K, committed 3072K, reserved 1048576K
}
Event: 1.905 GC heap after
{Heap after GC invocations=7 (full 0):
 garbage-first heap   total 159744K, used 23980K [0x0000000703600000, 0x0000000800000000)
  region size 2048K, 2 young (4096K), 2 survivors (4096K)
 Metaspace       used 24919K, committed 25216K, reserved 1073152K
  class space    used 2934K, committed 3072K, reserved 1048576K
}
Event: 2.430 GC heap before
{Heap before GC invocations=7 (full 0):
 garbage-first heap   total 159744K, used 99756K [0x0000000703600000, 0x0000000800000000)
  region size 2048K, 39 young (79872K), 2 survivors (4096K)
 Metaspace       used 27603K, committed 27904K, reserved 1081344K
  class space    used 3212K, committed 3392K, reserved 1048576K
}
Event: 2.436 GC heap after
{Heap after GC invocations=8 (full 0):
 garbage-first heap   total 159744K, used 27454K [0x0000000703600000, 0x0000000800000000)
  region size 2048K, 4 young (8192K), 4 survivors (8192K)
 Metaspace       used 27603K, committed 27904K, reserved 1081344K
  class space    used 3212K, committed 3392K, reserved 1048576K
}

